Determining if files mach-o/dyld.h exist failed with the following output:
Change Dir: /home/xilinx/nest_fpga_compe/CMakeFiles/CMakeTmp

Run Build Command:"/usr/bin/make" "cmTC_32b68/fast"
/usr/bin/make -f CMakeFiles/cmTC_32b68.dir/build.make CMakeFiles/cmTC_32b68.dir/build
make[1]: Entering directory '/home/xilinx/nest_fpga_compe/CMakeFiles/CMakeTmp'
Building C object CMakeFiles/cmTC_32b68.dir/CheckIncludeFiles.c.o
/usr/bin/cc    -o CMakeFiles/cmTC_32b68.dir/CheckIncludeFiles.c.o   -c /home/xilinx/nest_fpga_compe/CMakeFiles/CMakeTmp/CheckIncludeFiles.c
/home/xilinx/nest_fpga_compe/CMakeFiles/CMakeTmp/CheckIncludeFiles.c:2:10: fatal error: mach-o/dyld.h: No such file or directory
 #include <mach-o/dyld.h>
          ^~~~~~~~~~~~~~~
compilation terminated.
CMakeFiles/cmTC_32b68.dir/build.make:65: recipe for target 'CMakeFiles/cmTC_32b68.dir/CheckIncludeFiles.c.o' failed
make[1]: *** [CMakeFiles/cmTC_32b68.dir/CheckIncludeFiles.c.o] Error 1
make[1]: Leaving directory '/home/xilinx/nest_fpga_compe/CMakeFiles/CMakeTmp'
Makefile:126: recipe for target 'cmTC_32b68/fast' failed
make: *** [cmTC_32b68/fast] Error 2

Source:
/* */
#include <mach-o/dyld.h>


int main(void){return 0;}

Determining if files mach/mach.h exist failed with the following output:
Change Dir: /home/xilinx/nest_fpga_compe/CMakeFiles/CMakeTmp

Run Build Command:"/usr/bin/make" "cmTC_b1bf5/fast"
/usr/bin/make -f CMakeFiles/cmTC_b1bf5.dir/build.make CMakeFiles/cmTC_b1bf5.dir/build
make[1]: Entering directory '/home/xilinx/nest_fpga_compe/CMakeFiles/CMakeTmp'
Building C object CMakeFiles/cmTC_b1bf5.dir/CheckIncludeFiles.c.o
/usr/bin/cc    -o CMakeFiles/cmTC_b1bf5.dir/CheckIncludeFiles.c.o   -c /home/xilinx/nest_fpga_compe/CMakeFiles/CMakeTmp/CheckIncludeFiles.c
/home/xilinx/nest_fpga_compe/CMakeFiles/CMakeTmp/CheckIncludeFiles.c:2:10: fatal error: mach/mach.h: No such file or directory
 #include <mach/mach.h>
          ^~~~~~~~~~~~~
compilation terminated.
CMakeFiles/cmTC_b1bf5.dir/build.make:65: recipe for target 'CMakeFiles/cmTC_b1bf5.dir/CheckIncludeFiles.c.o' failed
make[1]: *** [CMakeFiles/cmTC_b1bf5.dir/CheckIncludeFiles.c.o] Error 1
make[1]: Leaving directory '/home/xilinx/nest_fpga_compe/CMakeFiles/CMakeTmp'
Makefile:126: recipe for target 'cmTC_b1bf5/fast' failed
make: *** [cmTC_b1bf5/fast] Error 2

Source:
/* */
#include <mach/mach.h>


int main(void){return 0;}

Determining size of u_int16_t failed with the following output:
Change Dir: /home/xilinx/nest_fpga_compe/CMakeFiles/CMakeTmp

Run Build Command:"/usr/bin/make" "cmTC_a34fd/fast"
/usr/bin/make -f CMakeFiles/cmTC_a34fd.dir/build.make CMakeFiles/cmTC_a34fd.dir/build
make[1]: Entering directory '/home/xilinx/nest_fpga_compe/CMakeFiles/CMakeTmp'
Building C object CMakeFiles/cmTC_a34fd.dir/U_INT16_T_SIZE.c.o
/usr/bin/cc    -o CMakeFiles/cmTC_a34fd.dir/U_INT16_T_SIZE.c.o   -c /home/xilinx/nest_fpga_compe/CMakeFiles/CheckTypeSize/U_INT16_T_SIZE.c
/home/xilinx/nest_fpga_compe/CMakeFiles/CheckTypeSize/U_INT16_T_SIZE.c:4:10: fatal error: types.h: No such file or directory
 #include "types.h"
          ^~~~~~~~~
compilation terminated.
CMakeFiles/cmTC_a34fd.dir/build.make:65: recipe for target 'CMakeFiles/cmTC_a34fd.dir/U_INT16_T_SIZE.c.o' failed
make[1]: *** [CMakeFiles/cmTC_a34fd.dir/U_INT16_T_SIZE.c.o] Error 1
make[1]: Leaving directory '/home/xilinx/nest_fpga_compe/CMakeFiles/CMakeTmp'
Makefile:126: recipe for target 'cmTC_a34fd/fast' failed
make: *** [cmTC_a34fd/fast] Error 2

/home/xilinx/nest_fpga_compe/CMakeFiles/CheckTypeSize/U_INT16_T_SIZE.c:
#include <sys/types.h>
#include <stdint.h>
#include <stddef.h>
#include "types.h"


#undef KEY
#if defined(__i386)
# define KEY '_','_','i','3','8','6'
#elif defined(__x86_64)
# define KEY '_','_','x','8','6','_','6','4'
#elif defined(__ppc__)
# define KEY '_','_','p','p','c','_','_'
#elif defined(__ppc64__)
# define KEY '_','_','p','p','c','6','4','_','_'
#elif defined(__aarch64__)
# define KEY '_','_','a','a','r','c','h','6','4','_','_'
#elif defined(__ARM_ARCH_7A__)
# define KEY '_','_','A','R','M','_','A','R','C','H','_','7','A','_','_'
#elif defined(__ARM_ARCH_7S__)
# define KEY '_','_','A','R','M','_','A','R','C','H','_','7','S','_','_'
#endif

#define SIZE (sizeof(u_int16_t))
char info_size[] =  {'I', 'N', 'F', 'O', ':', 's','i','z','e','[',
  ('0' + ((SIZE / 10000)%10)),
  ('0' + ((SIZE / 1000)%10)),
  ('0' + ((SIZE / 100)%10)),
  ('0' + ((SIZE / 10)%10)),
  ('0' +  (SIZE    % 10)),
  ']',
#ifdef KEY
  ' ','k','e','y','[', KEY, ']',
#endif
  '\0'};

#ifdef __CLASSIC_C__
int main(argc, argv) int argc; char *argv[];
#else
int main(int argc, char *argv[])
#endif
{
  int require = 0;
  require += info_size[argc];
  (void)argv;
  return require;
}


Determining if the function expm1 exists failed with the following output:
Change Dir: /home/xilinx/nest_fpga_compe/CMakeFiles/CMakeTmp

Run Build Command:"/usr/bin/make" "cmTC_91af8/fast"
/usr/bin/make -f CMakeFiles/cmTC_91af8.dir/build.make CMakeFiles/cmTC_91af8.dir/build
make[1]: Entering directory '/home/xilinx/nest_fpga_compe/CMakeFiles/CMakeTmp'
Building C object CMakeFiles/cmTC_91af8.dir/CheckFunctionExists.c.o
/usr/bin/cc   -DCHECK_FUNCTION_EXISTS=expm1   -o CMakeFiles/cmTC_91af8.dir/CheckFunctionExists.c.o   -c /usr/share/cmake-3.10/Modules/CheckFunctionExists.c
<command-line>:0:23: warning: conflicting types for built-in function ‘expm1’ [-Wbuiltin-declaration-mismatch]
/usr/share/cmake-3.10/Modules/CheckFunctionExists.c:7:3: note: in expansion of macro ‘CHECK_FUNCTION_EXISTS’
   CHECK_FUNCTION_EXISTS(void);
   ^~~~~~~~~~~~~~~~~~~~~
Linking C executable cmTC_91af8
/usr/bin/cmake -E cmake_link_script CMakeFiles/cmTC_91af8.dir/link.txt --verbose=1
/usr/bin/cc  -DCHECK_FUNCTION_EXISTS=expm1    -rdynamic CMakeFiles/cmTC_91af8.dir/CheckFunctionExists.c.o  -o cmTC_91af8 
CMakeFiles/cmTC_91af8.dir/CheckFunctionExists.c.o: In function `main':
CheckFunctionExists.c:(.text+0xa): undefined reference to `expm1'
collect2: error: ld returned 1 exit status
CMakeFiles/cmTC_91af8.dir/build.make:97: recipe for target 'cmTC_91af8' failed
make[1]: *** [cmTC_91af8] Error 1
make[1]: Leaving directory '/home/xilinx/nest_fpga_compe/CMakeFiles/CMakeTmp'
Makefile:126: recipe for target 'cmTC_91af8/fast' failed
make: *** [cmTC_91af8/fast] Error 2


